[33m@geogenesis/web:build[0m: cache hit, replaying output [2m02412e111e4051aa[0m
[33m@geogenesis/web:build: [0m
[33m@geogenesis/web:build: [0m> @geogenesis/web@0.1.0 build /Users/byronguina/work/code/geogenesis/apps/web
[33m@geogenesis/web:build: [0m> next build
[33m@geogenesis/web:build: [0m
[33m@geogenesis/web:build: [0minfo  - Linting and checking validity of types...
[33m@geogenesis/web:build: [0minfo  - Creating an optimized production build...
[33m@geogenesis/web:build: [0minfo  - Compiled successfully
[33m@geogenesis/web:build: [0minfo  - Collecting page data...
[33m@geogenesis/web:build: [0minfo  - Generating static pages (0/8)
[33m@geogenesis/web:build: [0minfo  - Generating static pages (2/8)
[33m@geogenesis/web:build: [0minfo  - Generating static pages (4/8)
[33m@geogenesis/web:build: [0minfo  - Generating static pages (6/8)
[33m@geogenesis/web:build: [0minfo  - Generating static pages (8/8)
[33m@geogenesis/web:build: [0minfo  - Finalizing page optimization...
[33m@geogenesis/web:build: [0m
[33m@geogenesis/web:build: [0mPage                                       Size     First Load JS
[33m@geogenesis/web:build: [0m┌ λ /                                      1.27 kB         702 kB
[33m@geogenesis/web:build: [0m├   /_app                                  0 B             555 kB
[33m@geogenesis/web:build: [0m├ ○ /404                                   197 B           555 kB
[33m@geogenesis/web:build: [0m├ λ /api/nft/[contractAddress]/[id]        0 B             555 kB
[33m@geogenesis/web:build: [0m├ λ /api/page/[id]                         0 B             555 kB
[33m@geogenesis/web:build: [0m├ λ /api/thumbnail/[id]                    0 B             555 kB
[33m@geogenesis/web:build: [0m├ ○ /databases/network-only                5.32 kB         575 kB
[33m@geogenesis/web:build: [0m├ ○ /databases/sync                        564 B           570 kB
[33m@geogenesis/web:build: [0m├ ○ /facts (574 ms)                        237 kB          792 kB
[33m@geogenesis/web:build: [0m├ λ /geode/browse                          700 B           556 kB
[33m@geogenesis/web:build: [0m├ ○ /geode/new                             1.25 kB         556 kB
[33m@geogenesis/web:build: [0m├ ○ /new                                   451 B           702 kB
[33m@geogenesis/web:build: [0m├ λ /nft/[contractAddress]/[id]            776 B           556 kB
[33m@geogenesis/web:build: [0m├ λ /page/[id]                             724 B           702 kB
[33m@geogenesis/web:build: [0m├ λ /page/[id]/edit                        523 B           702 kB
[33m@geogenesis/web:build: [0m├ λ /proposal/[id]                         1.06 kB         702 kB
[33m@geogenesis/web:build: [0m└ ○ /proposal/new                          1.44 kB         556 kB
[33m@geogenesis/web:build: [0m+ First Load JS shared by all              555 kB
[33m@geogenesis/web:build: [0m  ├ chunks/framework-ef24aea04218e372.js   45.3 kB
[33m@geogenesis/web:build: [0m  ├ chunks/main-05e4020fb9ee53a2.js        30.9 kB
[33m@geogenesis/web:build: [0m  ├ chunks/pages/_app-307974f53a4cf736.js  476 kB
[33m@geogenesis/web:build: [0m  ├ chunks/webpack-c311a0a4c1456668.js     2.25 kB
[33m@geogenesis/web:build: [0m  └ css/b7f3760c8dc8b21e.css               75.3 kB
[33m@geogenesis/web:build: [0m
[33m@geogenesis/web:build: [0mλ  (Server)  server-side renders at runtime (uses getInitialProps or getServerSideProps)
[33m@geogenesis/web:build: [0m○  (Static)  automatically rendered as static HTML (uses no initial props)
[33m@geogenesis/web:build: [0m
